This is pdfTeX, Version 3.141592653-2.6-1.40.25 (TeX Live 2023) (preloaded format=pdflatex 2024.2.8)  1 JUL 2024 11:02
entering extended mode
 restricted \write18 enabled.
 file:line:error style messages enabled.
 %&-line parsing enabled.
**"/Users/marijnvandermeer/Library/CloudStorage/OneDrive-MontessoriScholengemeenschapAmsterdam/Leergang Montessori Meesterschap/Leerjaar 2/praktijkonderzoek/werkmap/PO_marijn.tex"
(/Users/marijnvandermeer/Library/CloudStorage/OneDrive-MontessoriScholengemeenschapAmsterdam/Leergang Montessori Meesterschap/Leerjaar 2/praktijkonderzoek/werkmap/PO_marijn.tex
LaTeX2e <2022-11-01> patch level 1
L3 programming layer <2023-02-22> (/usr/local/texlive/2023/texmf-dist/tex/latex/base/article.cls
Document Class: article 2022/07/02 v1.4n Standard LaTeX document class
(/usr/local/texlive/2023/texmf-dist/tex/latex/base/size12.clo
File: size12.clo 2022/07/02 v1.4n Standard LaTeX file (size option)
)
\c@part=\count185
\c@section=\count186
\c@subsection=\count187
\c@subsubsection=\count188
\c@paragraph=\count189
\c@subparagraph=\count190
\c@figure=\count191
\c@table=\count192
\abovecaptionskip=\skip48
\belowcaptionskip=\skip49
\bibindent=\dimen140
) (/usr/local/texlive/2023/texmf-dist/tex/latex/epigraph/epigraph.sty
Package: epigraph 2020/01/02 v1.5e typesetting epigraphs
 (/usr/local/texlive/2023/texmf-dist/tex/latex/nextpage/nextpage.sty
Package: nextpage 2009/09/03 v1.1a additional page commands
)
\beforeepigraphskip=\skip50
\afterepigraphskip=\skip51
\epigraphwidth=\skip52
\epigraphrule=\skip53
) (/usr/local/texlive/2023/texmf-dist/tex/generic/babel/babel.sty
Package: babel 2023/02/13 3.86 The Babel package
\babel@savecnt=\count193
\U@D=\dimen141
\l@unhyphenated=\language87
 (/usr/local/texlive/2023/texmf-dist/tex/generic/babel/txtbabel.def)
\bbl@readstream=\read2
\bbl@dirlevel=\count194
 (/usr/local/texlive/2023/texmf-dist/tex/generic/babel-dutch/dutch.ldf
Language: dutch 2021/08/29 v3.8l Dutch support from the babel system
Package babel Info: Making " an active character on input line 127.
)) (/usr/local/texlive/2023/texmf-dist/tex/generic/babel/locale/nl/babel-dutch.tex
Package babel Info: Importing font and identification data for dutch
(babel)             from babel-nl.ini. Reported on input line 11.
) (/usr/local/texlive/2023/texmf-dist/tex/latex/apacite/apacite.sty
Package: apacite 2013/07/21 v6.03 APA citation
\c@BibCnt=\count195
\bibleftmargin=\skip54
\bibindent=\skip55
\bibparsep=\skip56
\bibitemsep=\skip57
\biblabelsep=\skip58
) (/usr/local/texlive/2023/texmf-dist/tex/generic/ulem/ulem.sty
\UL@box=\box51
\UL@hyphenbox=\box52
\UL@skip=\skip59
\UL@hook=\toks16
\UL@height=\dimen142
\UL@pe=\count196
\UL@pixel=\dimen143
\ULC@box=\box53
Package: ulem 2019/11/18
\ULdepth=\dimen144
) (/usr/local/texlive/2023/texmf-dist/tex/latex/xcolor/xcolor.sty
Package: xcolor 2022/06/12 v2.14 LaTeX color extensions (UK)
 (/usr/local/texlive/2023/texmf-dist/tex/latex/graphics-cfg/color.cfg
File: color.cfg 2016/01/02 v1.6 sample color configuration
)
Package xcolor Info: Driver file: pdftex.def on input line 227.
 (/usr/local/texlive/2023/texmf-dist/tex/latex/graphics-def/pdftex.def
File: pdftex.def 2022/09/22 v1.2b Graphics/color driver for pdftex
) (/usr/local/texlive/2023/texmf-dist/tex/latex/graphics/mathcolor.ltx)
Package xcolor Info: Model `cmy' substituted by `cmy0' on input line 1353.
Package xcolor Info: Model `hsb' substituted by `rgb' on input line 1357.
Package xcolor Info: Model `RGB' extended on input line 1369.
Package xcolor Info: Model `HTML' substituted by `rgb' on input line 1371.
Package xcolor Info: Model `Hsb' substituted by `hsb' on input line 1372.
Package xcolor Info: Model `tHsb' substituted by `hsb' on input line 1373.
Package xcolor Info: Model `HSB' substituted by `hsb' on input line 1374.
Package xcolor Info: Model `Gray' substituted by `gray' on input line 1375.
Package xcolor Info: Model `wave' substituted by `hsb' on input line 1376.
) (/usr/local/texlive/2023/texmf-dist/tex/latex/tools/enumerate.sty
Package: enumerate 2015/07/23 v3.00 enumerate extensions (DPC)
\@enLab=\toks17
) (/usr/local/texlive/2023/texmf-dist/tex/latex/graphics/graphicx.sty
Package: graphicx 2021/09/16 v1.2d Enhanced LaTeX Graphics (DPC,SPQR)
 (/usr/local/texlive/2023/texmf-dist/tex/latex/graphics/keyval.sty
Package: keyval 2022/05/29 v1.15 key=value parser (DPC)
\KV@toks@=\toks18
) (/usr/local/texlive/2023/texmf-dist/tex/latex/graphics/graphics.sty
Package: graphics 2022/03/10 v1.4e Standard LaTeX Graphics (DPC,SPQR)
 (/usr/local/texlive/2023/texmf-dist/tex/latex/graphics/trig.sty
Package: trig 2021/08/11 v1.11 sin cos tan (DPC)
) (/usr/local/texlive/2023/texmf-dist/tex/latex/graphics-cfg/graphics.cfg
File: graphics.cfg 2016/06/04 v1.11 sample graphics configuration
)
Package graphics Info: Driver file: pdftex.def on input line 107.
)
\Gin@req@height=\dimen145
\Gin@req@width=\dimen146
) (/usr/local/texlive/2023/texmf-dist/tex/latex/caption/caption.sty
Package: caption 2023/03/12 v3.6j Customizing captions (AR)
 (/usr/local/texlive/2023/texmf-dist/tex/latex/caption/caption3.sty
Package: caption3 2023/03/12 v2.4 caption3 kernel (AR)
\caption@tempdima=\dimen147
\captionmargin=\dimen148
\caption@leftmargin=\dimen149
\caption@rightmargin=\dimen150
\caption@width=\dimen151
\caption@indent=\dimen152
\caption@parindent=\dimen153
\caption@hangindent=\dimen154
Package caption Info: Standard document class detected.
)
\c@caption@flags=\count197
\c@continuedfloat=\count198
) (/usr/local/texlive/2023/texmf-dist/tex/latex/l3backend/l3backend-pdftex.def
File: l3backend-pdftex.def 2023-01-16 L3 backend support: PDF output (pdfTeX)
\l__color_backend_stack_int=\count199
\l__pdf_internal_box=\box54
) (./PO_marijn.aux)
\openout1 = `PO_marijn.aux'.

LaTeX Font Info:    Checking defaults for OML/cmm/m/it on input line 21.
LaTeX Font Info:    ... okay on input line 21.
LaTeX Font Info:    Checking defaults for OMS/cmsy/m/n on input line 21.
LaTeX Font Info:    ... okay on input line 21.
LaTeX Font Info:    Checking defaults for OT1/cmr/m/n on input line 21.
LaTeX Font Info:    ... okay on input line 21.
LaTeX Font Info:    Checking defaults for T1/cmr/m/n on input line 21.
LaTeX Font Info:    ... okay on input line 21.
LaTeX Font Info:    Checking defaults for TS1/cmr/m/n on input line 21.
LaTeX Font Info:    ... okay on input line 21.
LaTeX Font Info:    Checking defaults for OMX/cmex/m/n on input line 21.
LaTeX Font Info:    ... okay on input line 21.
LaTeX Font Info:    Checking defaults for U/cmr/m/n on input line 21.
LaTeX Font Info:    ... okay on input line 21.
\c@maskedRefs=\count266
 (/usr/local/texlive/2023/texmf-dist/tex/latex/apacite/dutch.apc
File: dutch.apc 2013/07/21 v6.03 apacite language file
LaTeX Info: Redefining \BPBI on input line 141.
LaTeX Info: Redefining \BHBI on input line 142.
) (/usr/local/texlive/2023/texmf-dist/tex/context/base/mkii/supp-pdf.mkii
[Loading MPS to PDF converter (version 2006.09.02).]
\scratchcounter=\count267
\scratchdimen=\dimen155
\scratchbox=\box55
\nofMPsegments=\count268
\nofMParguments=\count269
\everyMPshowfont=\toks19
\MPscratchCnt=\count270
\MPscratchDim=\dimen156
\MPnumerator=\count271
\makeMPintoPDFobject=\count272
\everyMPtoPDFconversion=\toks20
) (/usr/local/texlive/2023/texmf-dist/tex/latex/epstopdf-pkg/epstopdf-base.sty
Package: epstopdf-base 2020-01-24 v2.11 Base part for package epstopdf
Package epstopdf-base Info: Redefining graphics rule for `.eps' on input line 485.
 (/usr/local/texlive/2023/texmf-dist/tex/latex/latexconfig/epstopdf-sys.cfg
File: epstopdf-sys.cfg 2010/07/13 v1.3 Configuration of (r)epstopdf for TeX Live
))
Package caption Info: Begin \AtBeginDocument code.
Package caption Info: End \AtBeginDocument code.
LaTeX Font Info:    External font `cmex10' loaded for size
(Font)              <14.4> on input line 22.
LaTeX Font Info:    External font `cmex10' loaded for size
(Font)              <7> on input line 22.
 [1

{/usr/local/texlive/2023/texmf-var/fonts/map/pdftex/updmap/pdftex.map}] (./PO_marijn.toc
LaTeX Font Info:    External font `cmex10' loaded for size
(Font)              <12> on input line 5.
LaTeX Font Info:    External font `cmex10' loaded for size
(Font)              <8> on input line 5.
LaTeX Font Info:    External font `cmex10' loaded for size
(Font)              <6> on input line 5.
)
\tf@toc=\write3
\openout3 = `PO_marijn.toc'.

 [2]
LaTeX Font Info:    External font `cmex10' loaded for size
(Font)              <10.95> on input line 29.
 [3]
Underfull \hbox (badness 10000) in paragraph at lines 42--43

 []


Underfull \hbox (badness 10000) in paragraph at lines 44--46

 []

[4] [5] [6]
Underfull \hbox (badness 10000) in paragraph at lines 73--74

 []

[7] [8] [9{/usr/local/texlive/2023/texmf-dist/fonts/enc/dvips/cm-super/cm-super-ts1.enc}] [10] [11] [12] [13] [14] [15] [16] [17] [18] [19] [20] [21] [22] [23] [24] [25] [26]
<./images//Verdeling klassen.png, id=93, 1234.6125pt x 1007.765pt>
File: ./images//Verdeling klassen.png Graphic file (type png)
<use ./images//Verdeling klassen.png>
Package pdftex.def Info: ./images//Verdeling klassen.png  used on input line 280.
(pdftex.def)             Requested size: 195.0pt x 159.16977pt.
<./images//niveau.png, id=95, 1234.6125pt x 1007.765pt>
File: ./images//niveau.png Graphic file (type png)
<use ./images//niveau.png>
Package pdftex.def Info: ./images//niveau.png  used on input line 289.
(pdftex.def)             Requested size: 195.0pt x 159.16977pt.


LaTeX Warning: `h' float specifier changed to `ht'.

<./images//kenJeSlimstampen.png, id=96, 1234.6125pt x 1007.765pt>
File: ./images//kenJeSlimstampen.png Graphic file (type png)
<use ./images//kenJeSlimstampen.png>
Package pdftex.def Info: ./images//kenJeSlimstampen.png  used on input line 298.
(pdftex.def)             Requested size: 195.0pt x 159.16977pt.

LaTeX Warning: `h' float specifier changed to `ht'.

[27 <./images//Verdeling klassen.png>]
<./images//12-SlimStampenIsDuidelijk.png, id=101, 1234.6125pt x 1007.765pt>
File: ./images//12-SlimStampenIsDuidelijk.png Graphic file (type png)
<use ./images//12-SlimStampenIsDuidelijk.png>
Package pdftex.def Info: ./images//12-SlimStampenIsDuidelijk.png  used on input line 309.
(pdftex.def)             Requested size: 184.9429pt x 150.95831pt.
<./images//14-Overzichtelijk.png, id=102, 1234.6125pt x 1007.765pt>
File: ./images//14-Overzichtelijk.png Graphic file (type png)
<use ./images//14-Overzichtelijk.png>
Package pdftex.def Info: ./images//14-Overzichtelijk.png  used on input line 309.
(pdftex.def)             Requested size: 184.9429pt x 150.95831pt.

Overfull \hbox (3.88583pt too wide) in paragraph at lines 308--312
[][] 
 []

[28 <./images//niveau.png> <./images//kenJeSlimstampen.png>]
<./images//11-AlsIkNietWeetGaSlimstampen.png, id=108, 1234.6125pt x 1007.765pt>
File: ./images//11-AlsIkNietWeetGaSlimstampen.png Graphic file (type png)
<use ./images//11-AlsIkNietWeetGaSlimstampen.png>
Package pdftex.def Info: ./images//11-AlsIkNietWeetGaSlimstampen.png  used on input line 322.
(pdftex.def)             Requested size: 184.9429pt x 150.95831pt.
<./images//13-ConcentratieBijSlimStampen.png, id=109, 1234.6125pt x 1007.765pt>
File: ./images//13-ConcentratieBijSlimStampen.png Graphic file (type png)
<use ./images//13-ConcentratieBijSlimStampen.png>
Package pdftex.def Info: ./images//13-ConcentratieBijSlimStampen.png  used on input line 322.
(pdftex.def)             Requested size: 184.9429pt x 150.95831pt.
<./images//17-GefocustAanHetWerk.png, id=110, 1234.6125pt x 1007.765pt>
File: ./images//17-GefocustAanHetWerk.png Graphic file (type png)
<use ./images//17-GefocustAanHetWerk.png>
Package pdftex.def Info: ./images//17-GefocustAanHetWerk.png  used on input line 324.
(pdftex.def)             Requested size: 184.9429pt x 150.95831pt.
<./images//18-SnellerAanHetWerk.png, id=111, 1234.6125pt x 1007.765pt>
File: ./images//18-SnellerAanHetWerk.png Graphic file (type png)
<use ./images//18-SnellerAanHetWerk.png>
Package pdftex.def Info: ./images//18-SnellerAanHetWerk.png  used on input line 324.
(pdftex.def)             Requested size: 184.9429pt x 150.95831pt.
<./images//28-BeterLerenConcentreren.png, id=112, 1234.6125pt x 1007.765pt>
File: ./images//28-BeterLerenConcentreren.png Graphic file (type png)
<use ./images//28-BeterLerenConcentreren.png>
Package pdftex.def Info: ./images//28-BeterLerenConcentreren.png  used on input line 326.
(pdftex.def)             Requested size: 184.9429pt x 150.95831pt.
<images/15-LaatNietAfleiden.png, id=113, 1234.6125pt x 1007.765pt>
File: images/15-LaatNietAfleiden.png Graphic file (type png)
<use images/15-LaatNietAfleiden.png>
Package pdftex.def Info: images/15-LaatNietAfleiden.png  used on input line 326.
(pdftex.def)             Requested size: 184.9429pt x 150.95831pt.

Overfull \hbox (3.88583pt too wide) in paragraph at lines 321--329
[][] 
 []

[29 <./images//12-SlimStampenIsDuidelijk.png> <./images//14-Overzichtelijk.png>] [30 <./images//11-AlsIkNietWeetGaSlimstampen.png> <./images//13-ConcentratieBijSlimStampen.png> <./images//17-GefocustAanHetWerk.png> <./images//18-SnellerAanHetWerk.png> <./images//28-BeterLerenConcentreren.png> <./images/15-LaatNietAfleiden.png>]
<images/16-TwijfelGaIkSlimStampen.png, id=129, 1234.6125pt x 1007.765pt>
File: images/16-TwijfelGaIkSlimStampen.png Graphic file (type png)
<use images/16-TwijfelGaIkSlimStampen.png>
Package pdftex.def Info: images/16-TwijfelGaIkSlimStampen.png  used on input line 346.
(pdftex.def)             Requested size: 184.9429pt x 150.95831pt.
<images/19-GevoelGoedGewerkt.png, id=130, 1234.6125pt x 1007.765pt>
File: images/19-GevoelGoedGewerkt.png Graphic file (type png)
<use images/19-GevoelGoedGewerkt.png>
Package pdftex.def Info: images/19-GevoelGoedGewerkt.png  used on input line 346.
(pdftex.def)             Requested size: 184.9429pt x 150.95831pt.
<images/20-SlimStampenLeukerDanRijtjes.png, id=131, 1234.6125pt x 1007.765pt>
File: images/20-SlimStampenLeukerDanRijtjes.png Graphic file (type png)
<use images/20-SlimStampenLeukerDanRijtjes.png>
Package pdftex.def Info: images/20-SlimStampenLeukerDanRijtjes.png  used on input line 348.
(pdftex.def)             Requested size: 184.9429pt x 150.95831pt.
<images/21-BeginEerder.png, id=132, 1234.6125pt x 1007.765pt>
File: images/21-BeginEerder.png Graphic file (type png)
<use images/21-BeginEerder.png>
Package pdftex.def Info: images/21-BeginEerder.png  used on input line 348.
(pdftex.def)             Requested size: 184.9429pt x 150.95831pt.
<./images//23-BeterInTaal.png, id=133, 1234.6125pt x 1007.765pt>
File: ./images//23-BeterInTaal.png Graphic file (type png)
<use ./images//23-BeterInTaal.png>
Package pdftex.def Info: ./images//23-BeterInTaal.png  used on input line 350.
(pdftex.def)             Requested size: 184.9429pt x 150.95831pt.

Overfull \hbox (3.88583pt too wide) in paragraph at lines 345--353
[][] 
 []

[31] [32 <./images/16-TwijfelGaIkSlimStampen.png> <./images/19-GevoelGoedGewerkt.png> <./images/20-SlimStampenLeukerDanRijtjes.png> <./images/21-BeginEerder.png> <./images//23-BeterInTaal.png>]
<images/24-VoelZekerder.png, id=146, 1234.6125pt x 1007.765pt>
File: images/24-VoelZekerder.png Graphic file (type png)
<use images/24-VoelZekerder.png>
Package pdftex.def Info: images/24-VoelZekerder.png  used on input line 370.
(pdftex.def)             Requested size: 184.9429pt x 150.95831pt.
<images/27-ZelfTijdIndelen.png, id=147, 1234.6125pt x 1007.765pt>
File: images/27-ZelfTijdIndelen.png Graphic file (type png)
<use images/27-ZelfTijdIndelen.png>
Package pdftex.def Info: images/27-ZelfTijdIndelen.png  used on input line 370.
(pdftex.def)             Requested size: 184.9429pt x 150.95831pt.
<images/29-OpTijdBeginnenLeren.png, id=148, 1234.6125pt x 1007.765pt>
File: images/29-OpTijdBeginnenLeren.png Graphic file (type png)
<use images/29-OpTijdBeginnenLeren.png>
Package pdftex.def Info: images/29-OpTijdBeginnenLeren.png  used on input line 372.
(pdftex.def)             Requested size: 184.9429pt x 150.95831pt.
<images/30-BetereCijfers.png, id=149, 1234.6125pt x 1007.765pt>
File: images/30-BetereCijfers.png Graphic file (type png)
<use images/30-BetereCijfers.png>
Package pdftex.def Info: images/30-BetereCijfers.png  used on input line 372.
(pdftex.def)             Requested size: 184.9429pt x 150.95831pt.

Overfull \hbox (3.88583pt too wide) in paragraph at lines 369--375
[][] 
 []

[33] [34 <./images/24-VoelZekerder.png> <./images/27-ZelfTijdIndelen.png> <./images/29-OpTijdBeginnenLeren.png> <./images/30-BetereCijfers.png>]
<./images//04-WeetAanpakken.png, id=160, 1234.6125pt x 1007.765pt>
File: ./images//04-WeetAanpakken.png Graphic file (type png)
<use ./images//04-WeetAanpakken.png>
Package pdftex.def Info: ./images//04-WeetAanpakken.png  used on input line 390.
(pdftex.def)             Requested size: 184.9429pt x 150.95831pt.
<./images//06-zekerOverOnthouden.png, id=161, 1234.6125pt x 1007.765pt>
File: ./images//06-zekerOverOnthouden.png Graphic file (type png)
<use ./images//06-zekerOverOnthouden.png>
Package pdftex.def Info: ./images//06-zekerOverOnthouden.png  used on input line 390.
(pdftex.def)             Requested size: 184.9429pt x 150.95831pt.
<./images//05-bepalenGenoegGeoefend.png, id=162, 1557.82pt x 1007.765pt>
File: ./images//05-bepalenGenoegGeoefend.png Graphic file (type png)
<use ./images//05-bepalenGenoegGeoefend.png>
Package pdftex.def Info: ./images//05-bepalenGenoegGeoefend.png  used on input line 392.
(pdftex.def)             Requested size: 184.9429pt x 119.63489pt.

Overfull \hbox (3.88583pt too wide) in paragraph at lines 389--395
[][] 
 []

<./images//25-ToetsVervangen.png, id=163, 1234.6125pt x 1007.765pt>
File: ./images//25-ToetsVervangen.png Graphic file (type png)
<use ./images//25-ToetsVervangen.png>
Package pdftex.def Info: ./images//25-ToetsVervangen.png  used on input line 401.
(pdftex.def)             Requested size: 184.9429pt x 150.95831pt.
<./images//26-LieverToets.png, id=164, 1234.6125pt x 1007.765pt>
File: ./images//26-LieverToets.png Graphic file (type png)
<use ./images//26-LieverToets.png>
Package pdftex.def Info: ./images//26-LieverToets.png  used on input line 401.
(pdftex.def)             Requested size: 184.9429pt x 150.95831pt.

Overfull \hbox (3.88583pt too wide) in paragraph at lines 400--404
[][] 
 []


Overfull \hbox (6.88922pt too wide) in paragraph at lines 411--422
 [] 
 []

[35] [36 <./images//04-WeetAanpakken.png> <./images//06-zekerOverOnthouden.png> <./images//05-bepalenGenoegGeoefend.png> <./images//25-ToetsVervangen.png> <./images//26-LieverToets.png>] [37] [38] [39] [40] [41] [42] [43] [44]
Underfull \hbox (badness 10000) in paragraph at lines 537--541

 []


Underfull \hbox (badness 10000) in paragraph at lines 541--542

 []


Underfull \hbox (badness 10000) in paragraph at lines 542--543

 []


Underfull \hbox (badness 10000) in paragraph at lines 543--544

 []


Underfull \hbox (badness 10000) in paragraph at lines 544--545

 []


Underfull \hbox (badness 10000) in paragraph at lines 547--549

 []

[45] [46] (./PO_marijn.bbl [47]) [48] (./PO_marijn.aux) ) 
Here is how much of TeX's memory you used:
 5171 strings out of 476025
 91291 string characters out of 5790018
 1861388 words of memory out of 5000000
 25565 multiletter control sequences out of 15000+600000
 519469 words of font info for 56 fonts, out of 8000000 for 9000
 1141 hyphenation exceptions out of 8191
 57i,12n,63p,2143b,354s stack positions out of 10000i,1000n,20000p,200000b,200000s
</usr/local/texlive/2023/texmf-dist/fonts/type1/public/amsfonts/cm/cmbx10.pfb></usr/local/texlive/2023/texmf-dist/fonts/type1/public/amsfonts/cm/cmbx12.pfb></usr/local/texlive/2023/texmf-dist/fonts/type1/public/amsfonts/cm/cmmi12.pfb></usr/local/texlive/2023/texmf-dist/fonts/type1/public/amsfonts/cm/cmr10.pfb></usr/local/texlive/2023/texmf-dist/fonts/type1/public/amsfonts/cm/cmr12.pfb></usr/local/texlive/2023/texmf-dist/fonts/type1/public/amsfonts/cm/cmr17.pfb></usr/local/texlive/2023/texmf-dist/fonts/type1/public/amsfonts/cm/cmr8.pfb></usr/local/texlive/2023/texmf-dist/fonts/type1/public/amsfonts/cm/cmti12.pfb></usr/local/texlive/2023/texmf-dist/fonts/type1/public/cm-super/sfrm1200.pfb>
Output written on PO_marijn.pdf (48 pages, 899939 bytes).
PDF statistics:
 257 PDF objects out of 1000 (max. 8388607)
 137 compressed objects within 2 object streams
 0 named destinations out of 1000 (max. 500000)
 126 words of extra memory for PDF output out of 10000 (max. 10000000)

